[    0.000000] Linux version 4.15.0-202-generic (buildd@lcy02-amd64-115) (gcc version 7.5.0 (Ubuntu 7.5.0-3ubuntu1~18.04)) #213-Ubuntu SMP Thu Jan 5 19:19:12 UTC 2023 (Ubuntu 4.15.0-202.213-generic 4.15.18)
[    0.000000] Command line: BOOT_IMAGE=/boot/vmlinuz-4.15.0-202-generic root=LABEL=cloudimg-rootfs ro console=tty1 console=ttyS0
[    0.000000] KERNEL supported cpus:
[    0.000000]   Intel GenuineIntel
[    0.000000]   AMD AuthenticAMD
[    0.000000]   Centaur CentaurHauls
[    0.000000] x86/fpu: Supporting XSAVE feature 0x001: 'x87 floating point registers'
[    0.000000] x86/fpu: Supporting XSAVE feature 0x002: 'SSE registers'
[    0.000000] x86/fpu: Supporting XSAVE feature 0x004: 'AVX registers'
[    0.000000] x86/fpu: xstate_offset[2]:  576, xstate_sizes[2]:  256
[    0.000000] x86/fpu: Enabled xstate features 0x7, context size is 832 bytes, using 'standard' format.
[    0.000000] e820: BIOS-provided physical RAM map:
[    0.000000] BIOS-e820: [mem 0x0000000000000000-0x000000000009fbff] usable
[    0.000000] BIOS-e820: [mem 0x000000000009fc00-0x000000000009ffff] reserved
[    0.000000] BIOS-e820: [mem 0x00000000000f0000-0x00000000000fffff] reserved
[    0.000000] BIOS-e820: [mem 0x0000000000100000-0x000000003ffeffff] usable
[    0.000000] BIOS-e820: [mem 0x000000003fff0000-0x000000003fffffff] ACPI data
[    0.000000] BIOS-e820: [mem 0x00000000fec00000-0x00000000fec00fff] reserved
[    0.000000] BIOS-e820: [mem 0x00000000fee00000-0x00000000fee00fff] reserved
[    0.000000] BIOS-e820: [mem 0x00000000fffc0000-0x00000000ffffffff] reserved
[    0.000000] NX (Execute Disable) protection: active
[    0.000000] SMBIOS 2.5 present.
[    0.000000] DMI: innotek GmbH VirtualBox/VirtualBox, BIOS VirtualBox 12/01/2006
[    0.000000] Hypervisor detected: KVM
[    0.000000] e820: last_pfn = 0x3fff0 max_arch_pfn = 0x400000000
[    0.000000] MTRR: Disabled
[    0.000000] x86/PAT: MTRRs disabled, skipping PAT initialization too.
[    0.000000] CPU MTRRs all blank - virtualized system.
[    0.000000] x86/PAT: Configuration [0-7]: WB  WT  UC- UC  WB  WT  UC- UC  
[    0.000000] found SMP MP-table at [mem 0x0009fff0-0x0009ffff]
[    0.000000] Scanning 1 areas for low memory corruption
[    0.000000] RAMDISK: [mem 0x359c9000-0x36cdbfff]
[    0.000000] ACPI: Early table checksum verification disabled
[    0.000000] ACPI: RSDP 0x00000000000E0000 000024 (v02 VBOX  )
[    0.000000] ACPI: XSDT 0x000000003FFF0030 00003C (v01 VBOX   VBOXXSDT 00000001 ASL  00000061)
[    0.000000] ACPI: FACP 0x000000003FFF00F0 0000F4 (v04 VBOX   VBOXFACP 00000001 ASL  00000061)
[    0.000000] ACPI: DSDT 0x000000003FFF0610 002353 (v02 VBOX   VBOXBIOS 00000002 INTL 20100528)
[    0.000000] ACPI: FACS 0x000000003FFF0200 000040
[    0.000000] ACPI: FACS 0x000000003FFF0200 000040
[    0.000000] ACPI: APIC 0x000000003FFF0240 00005C (v02 VBOX   VBOXAPIC 00000001 ASL  00000061)
[    0.000000] ACPI: SSDT 0x000000003FFF02A0 00036C (v01 VBOX   VBOXCPUT 00000002 INTL 20100528)
[    0.000000] ACPI: Reserving FACP table memory at [mem 0x3fff00f0-0x3fff01e3]
[    0.000000] ACPI: Reserving DSDT table memory at [mem 0x3fff0610-0x3fff2962]
[    0.000000] ACPI: Reserving FACS table memory at [mem 0x3fff0200-0x3fff023f]
[    0.000000] ACPI: Reserving FACS table memory at [mem 0x3fff0200-0x3fff023f]
[    0.000000] ACPI: Reserving APIC table memory at [mem 0x3fff0240-0x3fff029b]
[    0.000000] ACPI: Reserving SSDT table memory at [mem 0x3fff02a0-0x3fff060b]
[    0.000000] No NUMA configuration found
[    0.000000] Faking a node at [mem 0x0000000000000000-0x000000003ffeffff]
[    0.000000] NODE_DATA(0) allocated [mem 0x3ffc5000-0x3ffeffff]
[    0.000000] kvm-clock: cpu 0, msr 0:3ff44001, primary cpu clock
[    0.000000] kvm-clock: Using msrs 4b564d01 and 4b564d00
[    0.000000] kvm-clock: using sched offset of 4820646291 cycles
[    0.000000] clocksource: kvm-clock: mask: 0xffffffffffffffff max_cycles: 0x1cd42e4dffb, max_idle_ns: 881590591483 ns
[    0.000000] Zone ranges:
[    0.000000]   DMA      [mem 0x0000000000001000-0x0000000000ffffff]
[    0.000000]   DMA32    [mem 0x0000000001000000-0x000000003ffeffff]
[    0.000000]   Normal   empty
[    0.000000]   Device   empty
[    0.000000] Movable zone start for each node
[    0.000000] Early memory node ranges
[    0.000000]   node   0: [mem 0x0000000000001000-0x000000000009efff]
[    0.000000]   node   0: [mem 0x0000000000100000-0x000000003ffeffff]
[    0.000000] Reserved but unavailable: 104 pages
[    0.000000] Initmem setup node 0 [mem 0x0000000000001000-0x000000003ffeffff]
[    0.000000] ACPI: PM-Timer IO Port: 0x4008
[    0.000000] IOAPIC[0]: apic_id 2, version 32, address 0xfec00000, GSI 0-23
[    0.000000] ACPI: INT_SRC_OVR (bus 0 bus_irq 0 global_irq 2 dfl dfl)
[    0.000000] ACPI: INT_SRC_OVR (bus 0 bus_irq 9 global_irq 9 low level)
[    0.000000] Using ACPI (MADT) for SMP configuration information
[    0.000000] smpboot: Allowing 2 CPUs, 0 hotplug CPUs
[    0.000000] PM: Registered nosave memory: [mem 0x00000000-0x00000fff]
[    0.000000] PM: Registered nosave memory: [mem 0x0009f000-0x0009ffff]
[    0.000000] PM: Registered nosave memory: [mem 0x000a0000-0x000effff]
[    0.000000] PM: Registered nosave memory: [mem 0x000f0000-0x000fffff]
[    0.000000] e820: [mem 0x40000000-0xfebfffff] available for PCI devices
[    0.000000] Booting paravirtualized kernel on KVM
[    0.000000] clocksource: refined-jiffies: mask: 0xffffffff max_cycles: 0xffffffff, max_idle_ns: 7645519600211568 ns
[    0.000000] setup_percpu: NR_CPUS:8192 nr_cpumask_bits:2 nr_cpu_ids:2 nr_node_ids:1
[    0.000000] percpu: Embedded 50 pages/cpu s167936 r8192 d28672 u1048576
[    0.000000] PV qspinlock hash table entries: 256 (order: 0, 4096 bytes)
[    0.000000] Built 1 zonelists, mobility grouping on.  Total pages: 257913
[    0.000000] Policy zone: DMA32
[    0.000000] Kernel command line: BOOT_IMAGE=/boot/vmlinuz-4.15.0-202-generic root=LABEL=cloudimg-rootfs ro console=tty1 console=ttyS0
[    0.000000] Memory: 982648K/1048120K available (12300K kernel code, 2477K rwdata, 4320K rodata, 2472K init, 2720K bss, 65472K reserved, 0K cma-reserved)
[    0.000000] SLUB: HWalign=64, Order=0-3, MinObjects=0, CPUs=2, Nodes=1
[    0.000000] Kernel/User page tables isolation: enabled
[    0.000000] ftrace: allocating 39478 entries in 155 pages
[    0.004000] Hierarchical RCU implementation.
[    0.004000] 	RCU restricting CPUs from NR_CPUS=8192 to nr_cpu_ids=2.
[    0.004000] 	Tasks RCU enabled.
[    0.004000] RCU: Adjusting geometry for rcu_fanout_leaf=16, nr_cpu_ids=2
[    0.004000] NR_IRQS: 524544, nr_irqs: 440, preallocated irqs: 16
[    0.004000] random: crng init done
[    0.004000] Console: colour VGA+ 80x25
[    0.004000] console [tty1] enabled
[    0.004000] console [ttyS0] enabled
[    0.004000] ACPI: Core revision 20170831
[    0.004000] ACPI: 2 ACPI AML tables successfully acquired and loaded
[    0.004000] APIC: Switch to symmetric I/O mode setup
[    0.004000] x2apic enabled
[    0.004017] Switched APIC routing to physical x2apic.
[    0.012000] ..TIMER: vector=0x30 apic1=0 pin1=2 apic2=-1 pin2=-1
[    0.012012] tsc: Detected 2294.688 MHz processor
[    0.016022] Calibrating delay loop (skipped) preset value.. 4589.37 BogoMIPS (lpj=9178752)
[    0.020010] pid_max: default: 32768 minimum: 301
[    0.024108] Security Framework initialized
[    0.028009] Yama: becoming mindful.
[    0.030116] AppArmor: AppArmor initialized
[    0.036088] Dentry cache hash table entries: 131072 (order: 8, 1048576 bytes)
[    0.040204] Inode-cache hash table entries: 65536 (order: 7, 524288 bytes)
[    0.044059] Mount-cache hash table entries: 2048 (order: 2, 16384 bytes)
[    0.048029] Mountpoint-cache hash table entries: 2048 (order: 2, 16384 bytes)
[    0.053831] Last level iTLB entries: 4KB 1024, 2MB 1024, 4MB 1024
[    0.056019] Last level dTLB entries: 4KB 1024, 2MB 1024, 4MB 1024, 1GB 4
[    0.060015] Spectre V1 : Mitigation: usercopy/swapgs barriers and __user pointer sanitization
[    0.064014] Spectre V2 : Mitigation: Retpolines
[    0.067942] Spectre V2 : Spectre v2 / SpectreRSB mitigation: Filling RSB on context switch
[    0.068011] Speculative Store Bypass: Vulnerable
[    0.071077] MDS: Mitigation: Clear CPU buffers
[    0.072012] MMIO Stale Data: Unknown: No mitigations
[    0.076012] SRBDS: Unknown: Dependent on hypervisor status
[    0.080649] Freeing SMP alternatives memory: 36K
[    0.198550] smpboot: CPU0: Intel(R) Core(TM) i5-4200U CPU @ 1.60GHz (family: 0x6, model: 0x45, stepping: 0x1)
[    0.200293] Performance Events: unsupported p6 CPU model 69 no PMU driver, software events only.
[    0.204166] Hierarchical SRCU implementation.
[    0.209540] NMI watchdog: Perf event create on CPU 0 failed with -2
[    0.212010] NMI watchdog: Perf NMI watchdog permanently disabled
[    0.216202] smp: Bringing up secondary CPUs ...
[    0.220346] x86: Booting SMP configuration:
[    0.224011] .... node  #0, CPUs:      #1
[    0.004000] kvm-clock: cpu 1, msr 0:3ff44041, secondary cpu clock
[    0.240094] smp: Brought up 1 node, 2 CPUs
[    0.242674] smpboot: Max logical packages: 1
[    0.244023] smpboot: Total of 2 processors activated (9178.75 BogoMIPS)
[    0.248448] devtmpfs: initialized
[    0.252199] x86/mm: Memory block size: 128MB
[    0.255629] evm: security.selinux
[    0.256013] evm: security.SMACK64
[    0.260013] evm: security.SMACK64EXEC
[    0.262617] evm: security.SMACK64TRANSMUTE
[    0.264009] evm: security.SMACK64MMAP
[    0.268011] evm: security.apparmor
[    0.270165] evm: security.ima
[    0.272013] evm: security.capability
[    0.274172] clocksource: jiffies: mask: 0xffffffff max_cycles: 0xffffffff, max_idle_ns: 7645041785100000 ns
[    0.280013] futex hash table entries: 512 (order: 3, 32768 bytes)
[    0.284138] pinctrl core: initialized pinctrl subsystem
[    0.288305] RTC time: 11:36:47, date: 01/29/23
[    0.296139] NET: Registered protocol family 16
[    0.299093] audit: initializing netlink subsys (disabled)
[    0.300102] audit: type=2000 audit(1674992213.371:1): state=initialized audit_enabled=0 res=1
[    0.308024] cpuidle: using governor ladder
[    0.310533] cpuidle: using governor menu
[    0.312247] ACPI: bus type PCI registered
[    0.314696] acpiphp: ACPI Hot Plug PCI Controller Driver version: 0.5
[    0.320010] PCI: Using configuration type 1 for base access
[    0.329792] HugeTLB registered 2.00 MiB page size, pre-allocated 0 pages
[    0.332114] ACPI: Added _OSI(Module Device)
[    0.336019] ACPI: Added _OSI(Processor Device)
[    0.340021] ACPI: Added _OSI(3.0 _SCP Extensions)
[    0.343102] ACPI: Added _OSI(Processor Aggregator Device)
[    0.344065] ACPI: Added _OSI(Linux-Dell-Video)
[    0.348014] ACPI: Added _OSI(Linux-Lenovo-NV-HDMI-Audio)
[    0.352017] ACPI: Added _OSI(Linux-HPI-Hybrid-Graphics)
[    0.356274] ACPI: Executed 1 blocks of module-level executable AML code
[    0.379637] ACPI: Interpreter enabled
[    0.380051] ACPI: (supports S0 S5)
[    0.384017] ACPI: Using IOAPIC for interrupt routing
[    0.388268] PCI: Using host bridge windows from ACPI; if necessary, use "pci=nocrs" and report a bug
[    0.396758] ACPI: Enabled 2 GPEs in block 00 to 07
[    0.440164] ACPI: PCI Root Bridge [PCI0] (domain 0000 [bus 00-ff])
[    0.443737] acpi PNP0A03:00: _OSC: OS supports [ASPM ClockPM Segments MSI]
[    0.450106] acpi PNP0A03:00: _OSC: not requesting OS control; OS requires [ExtendedConfig ASPM ClockPM MSI]
[    0.456027] acpi PNP0A03:00: fail to add MMCONFIG information, can't access extended PCI configuration space under this bridge.
[    0.465310] PCI host bridge to bus 0000:00
[    0.468015] pci_bus 0000:00: root bus resource [io  0x0000-0x0cf7 window]
[    0.472018] pci_bus 0000:00: root bus resource [io  0x0d00-0xffff window]
[    0.476016] pci_bus 0000:00: root bus resource [mem 0x000a0000-0x000bffff window]
[    0.480017] pci_bus 0000:00: root bus resource [mem 0x40000000-0xfdffffff window]
[    0.484019] pci_bus 0000:00: root bus resource [bus 00-ff]
[    0.494075] pci 0000:00:01.1: legacy IDE quirk: reg 0x10: [io  0x01f0-0x01f7]
[    0.496016] pci 0000:00:01.1: legacy IDE quirk: reg 0x14: [io  0x03f6]
[    0.500016] pci 0000:00:01.1: legacy IDE quirk: reg 0x18: [io  0x0170-0x0177]
[    0.504020] pci 0000:00:01.1: legacy IDE quirk: reg 0x1c: [io  0x0376]
[    0.553791] pci 0000:00:07.0: quirk: [io  0x4000-0x403f] claimed by PIIX4 ACPI
[    0.556056] pci 0000:00:07.0: quirk: [io  0x4100-0x410f] claimed by PIIX4 SMB
[    0.582252] ACPI: PCI Interrupt Link [LNKA] (IRQs 5 9 10 *11)
[    0.585458] ACPI: PCI Interrupt Link [LNKB] (IRQs 5 9 *10 11)
[    0.588570] ACPI: PCI Interrupt Link [LNKC] (IRQs 5 *9 10 11)
[    0.592427] ACPI: PCI Interrupt Link [LNKD] (IRQs 5 9 10 *11)
[    0.600124] SCSI subsystem initialized
[    0.602586] pci 0000:00:02.0: vgaarb: setting as boot VGA device
[    0.603670] pci 0000:00:02.0: vgaarb: VGA device added: decodes=io+mem,owns=io+mem,locks=none
[    0.604043] pci 0000:00:02.0: vgaarb: bridge control possible
[    0.608007] vgaarb: loaded
[    0.612105] ACPI: bus type USB registered
[    0.614543] usbcore: registered new interface driver usbfs
[    0.616038] usbcore: registered new interface driver hub
[    0.620038] usbcore: registered new device driver usb
[    0.624183] EDAC MC: Ver: 3.0.0
[    0.626706] PCI: Using ACPI for IRQ routing
[    0.628901] NetLabel: Initializing
[    0.632007] NetLabel:  domain hash size = 128
[    0.636010] NetLabel:  protocols = UNLABELED CIPSOv4 CALIPSO
[    0.639519] NetLabel:  unlabeled traffic allowed by default
[    0.640670] clocksource: Switched to clocksource kvm-clock
[    0.712218] VFS: Disk quotas dquot_6.6.0
[    0.714910] VFS: Dquot-cache hash table entries: 512 (order 0, 4096 bytes)
[    0.719437] AppArmor: AppArmor Filesystem Enabled
[    0.722398] pnp: PnP ACPI init
[    0.727973] pnp: PnP ACPI: found 3 devices
[    0.748893] clocksource: acpi_pm: mask: 0xffffff max_cycles: 0xffffff, max_idle_ns: 2085701024 ns
[    0.754638] NET: Registered protocol family 2
[    0.757703] IP idents hash table entries: 16384 (order: 5, 131072 bytes)
[    0.767499] TCP established hash table entries: 8192 (order: 4, 65536 bytes)
[    0.771843] TCP bind hash table entries: 8192 (order: 5, 131072 bytes)
[    0.775994] TCP: Hash tables configured (established 8192 bind 8192)
[    0.780044] UDP hash table entries: 512 (order: 2, 16384 bytes)
[    0.783953] UDP-Lite hash table entries: 512 (order: 2, 16384 bytes)
[    0.788061] NET: Registered protocol family 1
[    0.790950] pci 0000:00:00.0: Limiting direct PCI/PCI transfers
[    0.800257] pci 0000:00:01.0: Activating ISA DMA hang workarounds
[    0.808299] pci 0000:00:02.0: Video device with shadowed ROM at [mem 0x000c0000-0x000dffff]
[    0.814631] Unpacking initramfs...
[    1.855033] Freeing initrd memory: 19532K
[    1.857181] clocksource: tsc: mask: 0xffffffffffffffff max_cycles: 0x21139aef754, max_idle_ns: 440795211890 ns
[    1.861592] platform rtc_cmos: registered platform RTC device (no PNP device found)
[    1.865240] Scanning for low memory corruption every 60 seconds
[    1.868725] Initialise system trusted keyrings
[    1.870689] Key type blacklist registered
[    1.872758] workingset: timestamp_bits=36 max_order=18 bucket_order=0
[    1.878979] zbud: loaded
[    1.881156] squashfs: version 4.0 (2009/01/31) Phillip Lougher
[    1.884112] fuse init (API version 7.26)
[    1.893126] Key type asymmetric registered
[    1.894966] Asymmetric key parser 'x509' registered
[    1.897206] Block layer SCSI generic (bsg) driver version 0.4 loaded (major 246)
[    1.900576] io scheduler noop registered
[    1.902346] io scheduler deadline registered
[    1.904924] io scheduler cfq registered (default)
[    1.908119] ACPI: AC Adapter [AC] (off-line)
[    1.910757] input: Power Button as /devices/LNXSYSTM:00/LNXPWRBN:00/input/input0
[    1.915639] ACPI: Power Button [PWRF]
[    1.917798] input: Sleep Button as /devices/LNXSYSTM:00/LNXSLPBN:00/input/input1
[    1.922399] ACPI: Sleep Button [SLPF]
[    1.925715] Serial: 8250/16550 driver, 32 ports, IRQ sharing enabled
[    1.929124] ACPI: Battery Slot [BAT0] (battery present)
[    1.953785] 00:02: ttyS0 at I/O 0x3f8 (irq = 4, base_baud = 115200) is a 16550A
[    1.961384] Linux agpgart interface v0.103
[    1.970782] loop: module loaded
[    1.973714] scsi host0: ata_piix
[    1.975632] scsi host1: ata_piix
[    1.977324] ata1: PATA max UDMA/33 cmd 0x1f0 ctl 0x3f6 bmdma 0xd000 irq 14
[    1.980235] ata2: PATA max UDMA/33 cmd 0x170 ctl 0x376 bmdma 0xd008 irq 15
[    1.984151] tun: Universal TUN/TAP device driver, 1.6
[    1.987145] PPP generic driver version 2.4.2
[    1.989219] ehci_hcd: USB 2.0 'Enhanced' Host Controller (EHCI) Driver
[    1.992031] ehci-pci: EHCI PCI platform driver
[    1.993991] ehci-platform: EHCI generic platform driver
[    1.996251] ohci_hcd: USB 1.1 'Open' Host Controller (OHCI) Driver
[    1.999219] ohci-pci: OHCI PCI platform driver
[    2.001312] ohci-platform: OHCI generic platform driver
[    2.003658] uhci_hcd: USB Universal Host Controller Interface driver
[    2.006439] i8042: PNP: PS/2 Controller [PNP0303:PS2K,PNP0f03:PS2M] at 0x60,0x64 irq 1,12
[    2.011238] serio: i8042 KBD port at 0x60,0x64 irq 1
[    2.013781] serio: i8042 AUX port at 0x60,0x64 irq 12
[    2.016185] mousedev: PS/2 mouse device common for all mice
[    2.019889] rtc_cmos rtc_cmos: rtc core: registered rtc_cmos as rtc0
[    2.022927] input: AT Translated Set 2 keyboard as /devices/platform/i8042/serio0/input/input2
[    2.026794] rtc_cmos rtc_cmos: alarms up to one day, 114 bytes nvram
[    2.029857] i2c /dev entries driver
[    2.031784] device-mapper: uevent: version 1.0.3
[    2.034229] device-mapper: ioctl: 4.37.0-ioctl (2017-09-20) initialised: dm-devel@redhat.com
[    2.038503] ledtrig-cpu: registered to indicate activity on CPUs
[    2.042360] NET: Registered protocol family 10
[    2.053458] Segment Routing with IPv6
[    2.055536] NET: Registered protocol family 17
[    2.057741] Key type dns_resolver registered
[    2.060020] mce: Using 0 MCE banks
[    2.061791] RAS: Correctable Errors collector initialized.
[    2.064543] sched_clock: Marking stable (2064502816, 0)->(2624376120, -559873304)
[    2.068918] registered taskstats version 1
[    2.070812] Loading compiled-in X.509 certificates
[    2.076471] Loaded X.509 cert 'Build time autogenerated kernel key: f114f3958ed3c37ba1924ca66ae8368f3c35b0e4'
[    2.081765] Loaded X.509 cert 'Canonical Ltd. Live Patch Signing: 14df34d1a87cf37625abec039ef2bf521249b969'
[    2.087192] Loaded X.509 cert 'Canonical Ltd. Kernel Module Signing: 88f752e560a1e0737e31163a466ad7b70a850c19'
[    2.091965] blacklist: Loading compiled-in revocation X.509 certificates
[    2.095093] Loaded X.509 cert 'Canonical Ltd. Secure Boot Signing: 61482aa2830d0ab2ad5af10b7250da9033ddcef0'
[    2.099629] zswap: loaded using pool lzo/zbud
[    2.110630] Key type big_key registered
[    2.112662] Key type trusted registered
[    2.118931] Key type encrypted registered
[    2.120937] AppArmor: AppArmor sha1 policy hashing enabled
[    2.123303] ima: No TPM chip found, activating TPM-bypass! (rc=-19)
[    2.126065] ima: Allocated hash algorithm: sha1
[    2.128031] evm: HMAC attrs: 0x1
[    2.130087]   Magic number: 7:894:631
[    2.131985] rtc_cmos rtc_cmos: setting system clock to 2023-01-29 11:36:49 UTC (1674992209)
[    2.136523] BIOS EDD facility v0.16 2004-Jun-25, 0 devices found
[    2.140015] EDD information not available.
[    2.183501] Freeing unused kernel image memory: 2472K
[    2.200740] Write protecting the kernel read-only data: 20480k
[    2.207187] Freeing unused kernel image memory: 2008K
[    2.211122] Freeing unused kernel image memory: 1824K
[    2.264635] x86/mm: Checked W+X mappings: passed, no W+X pages found.
[    2.268453] x86/mm: Checking user space page tables
[    2.323796] x86/mm: Checked W+X mappings: passed, no W+X pages found.
Loading, please wait...
starting version 237
[    2.603192] Fusion MPT base driver 3.04.20
[    2.606542] Copyright (c) 1999-2008 LSI Corporation
[    2.634874] e1000: Intel(R) PRO/1000 Network Driver - version 7.3.21-k8-NAPI
[    2.639768] e1000: Copyright (c) 1999-2006 Intel Corporation.
[    2.713565] Fusion MPT SPI Host driver 3.04.20
[    2.730258] AVX2 version of gcm_enc/dec engaged.
[    2.733896] AES CTR mode by8 optimization enabled
[    2.893852] input: ImExPS/2 Generic Explorer Mouse as /devices/platform/i8042/serio1/input/input4
[    3.631657] e1000 0000:00:03.0 eth0: (PCI:33MHz:32-bit) 02:0c:5d:76:46:7f
[    3.635387] e1000 0000:00:03.0 eth0: Intel(R) PRO/1000 Network Connection
[    3.644182] mptbase: ioc0: Initiating bringup
[    3.649462] e1000 0000:00:03.0 enp0s3: renamed from eth0
[    4.226851] ioc0: LSI53C1030 A0: Capabilities={Initiator}
[    7.590029] scsi host2: ioc0: LSI53C1030 A0, FwRev=00000000h, Ports=1, MaxQ=256, IRQ=20
[    8.880611] scsi 2:0:0:0: Direct-Access     VBOX     HARDDISK         1.0  PQ: 0 ANSI: 5
[    9.256714] scsi target2:0:0: Beginning Domain Validation
[    9.271123] scsi target2:0:0: Domain Validation skipping write tests
[    9.279433] scsi target2:0:0: Ending Domain Validation
[    9.287007] scsi target2:0:0: asynchronous
[    9.295410] scsi 2:0:1:0: Direct-Access     VBOX     HARDDISK         1.0  PQ: 0 ANSI: 5
[    9.853539] scsi target2:0:1: Beginning Domain Validation
[    9.869068] scsi target2:0:1: Domain Validation skipping write tests
[    9.879977] scsi target2:0:1: Ending Domain Validation
[    9.889639] scsi target2:0:1: asynchronous
[    9.917471] sd 2:0:0:0: Attached scsi generic sg0 type 0
[    9.924630] sd 2:0:0:0: [sda] 83886080 512-byte logical blocks: (42.9 GB/40.0 GiB)
[    9.925121] sd 2:0:1:0: Attached scsi generic sg1 type 0
[    9.945395] sd 2:0:0:0: [sda] Write Protect is off
[    9.952535] sd 2:0:1:0: [sdb] 20480 512-byte logical blocks: (10.5 MB/10.0 MiB)
[    9.962802] sd 2:0:0:0: [sda] Incomplete mode parameter data
[    9.970219] sd 2:0:0:0: [sda] Assuming drive cache: write through
[    9.974584] sd 2:0:1:0: [sdb] Write Protect is off
[    9.978047] sd 2:0:1:0: [sdb] Incomplete mode parameter data
[    9.979983]  sda: sda1
[    9.981582] sd 2:0:1:0: [sdb] Assuming drive cache: write through
[    9.988826] sd 2:0:0:0: [sda] Attached SCSI disk
[    9.994593] sd 2:0:1:0: [sdb] Attached SCSI disk
Begin: Loading essential drivers ... [   12.592280] raid6: sse2x1   gen()  1573 MB/s
[   12.640093] raid6: sse2x1   xor()  1081 MB/s
[   12.688124] raid6: sse2x2   gen()  3184 MB/s
[   12.736107] raid6: sse2x2   xor()  1491 MB/s
[   12.784114] raid6: sse2x4   gen()  3969 MB/s
[   12.832498] raid6: sse2x4   xor()  2242 MB/s
[   12.880216] raid6: avx2x1   gen()  3397 MB/s
[   12.928141] raid6: avx2x1   xor()  1534 MB/s
[   12.976076] raid6: avx2x2   gen()  5527 MB/s
[   13.024684] raid6: avx2x2   xor()  2665 MB/s
[   13.072461] raid6: avx2x4   gen()  7484 MB/s
[   13.120107] raid6: avx2x4   xor()  4978 MB/s
[   13.122697] raid6: using algorithm avx2x4 gen() 7484 MB/s
[   13.126184] raid6: .... xor() 4978 MB/s, rmw enabled
[   13.128916] raid6: using avx2x2 recovery algorithm
[   13.136005] xor: automatically using best checksumming function   avx       
[   13.143698] async_tx: api initialized (async)
done.
Begin: Running /scripts/init-premount ... done.
Begin: Mounting root file system ... Begin: Running /scripts/local-top ... done.
Begin: Running /scripts/local-premount ... [   13.324949] Btrfs loaded, crc32c=crc32c-intel
Scanning for Btrfs filesystems
done.
Warning: fsck not present, so skipping root file system
[   13.405025] EXT4-fs (sda1): INFO: recovery required on readonly filesystem
[   13.408983] EXT4-fs (sda1): write access will be enabled during recovery
[   13.683379] EXT4-fs (sda1): recovery complete
[   13.686521] EXT4-fs (sda1): mounted filesystem with ordered data mode. Opts: (null)
done.
Begin: Running /scripts/local-bottom ... done.
Begin: Running /scripts/init-bottom ... done.
[   14.029594] ip_tables: (C) 2000-2006 Netfilter Core Team
[   14.052265] systemd[1]: systemd 237 running in system mode. (+PAM +AUDIT +SELINUX +IMA +APPARMOR +SMACK +SYSVINIT +UTMP +LIBCRYPTSETUP +GCRYPT +GNUTLS +ACL +XZ +LZ4 +SECCOMP +BLKID +ELFUTILS +KMOD -IDN2 +IDN -PCRE2 default-hierarchy=hybrid)
[   14.064931] systemd[1]: Detected virtualization oracle.
[   14.068425] systemd[1]: Detected architecture x86-64.

Welcome to [1mUbuntu 18.04.6 LTS[0m!

[   14.083701] systemd[1]: Set hostname to <ubuntu-bionic>.
[   14.630755] systemd[1]: Reached target Swap.
[[0;32m  OK  [0m] Reached target Swap.
[   14.637368] systemd[1]: Created slice System Slice.
[[0;32m  OK  [0m] Created slice System Slice.
[   14.641057] systemd[1]: Listening on udev Kernel Socket.
[[0;32m  OK  [0m] Listening on udev Kernel Socket.
[   14.645895] systemd[1]: Listening on Journal Socket.
[[0;32m  OK  [0m] Listening on Journal Socket.
[   14.651931] systemd[1]: Starting Create list of required static device nodes for the current kernel...
         Starting Create list of required st…ce nodes for the current kernel...
[   14.660433] systemd[1]: Listening on /dev/initctl Compatibility Named Pipe.
[[0;32m  OK  [0m] Listening on /dev/initctl Compatibility Named Pipe.
[[0;32m  OK  [0m] Listening on Network Service Netlink Socket.
         Mounting POSIX Message Queue File System...
         Starting Load Kernel Modules...
[[0;32m  OK  [0m] Listening on Device-mapper event daemon FIFOs.
[[0;32m  OK  [0m] Created slice User and Session Slice.
         Starting Set the console keyboard layout...
[[0;32m  OK  [0m] Listening on LVM2 metadata daemon socket.
         Starting Monitoring of LVM2 mirrors…ng dmeventd or progress polling...
[[0;32m  OK  [0m] Created slice system-serial\x2dgetty.slice.
         Starting Uncomplicated firewall...
[[0;32m  OK  [0m] Listening on LVM2 poll daemon socket.
[[0;32m  OK  [0m] Listening on fsck to fsckd communication Socket.
         Starting File System Check on Root Device...
[[0;32m  OK  [0m] Reached target System Time Synchronized.
[[0;32m  OK  [0m] Listening on udev Control Socket.
         Starting udev Coldplug all Devices...
[[0;32m  OK  [0m] Reached target Slices.
[[0;32m  OK  [0m] Listening on Syslog Socket.
         Mounting Kernel Debug File System...
[[0;32m  OK  [0m] Set up automount Arbitrary Executab…rmats File System Automount Point.
[   14.761511] Loading iSCSI transport class v2.0-870.
         Mounting Huge Pages File System...
[[0;32m  OK  [0m] Listening on Journal Socket (/dev/log).
[[0;32m  OK  [0m] Listening on Journal Audit Socket.
         Starting Journal Service...
[[0;32m  OK  [0m] Started Forward Password Requests to Wall Directory Watch.
[[0;32m  OK  [0m] Reached target User and Group Name Lookups.
[[0;32m  OK  [0m] Started Create list of required sta…vice nodes for the current kernel.
[[0;32m  OK  [0m] Mounted POSIX Message Queue File System.
[[0;32m  OK  [0m] Started Uncomplicated firewall.
[[0;32m  OK  [0m] Mounted Kernel Debug File System.
[[0;32m  OK  [0m] Mounted Huge Pages File System.
[[0;32m  OK  [0m] Started File System Check Daemon to report status.
         Starting Create Static Device Nodes in /dev...
[[0;32m  OK  [0m] Started LVM2 metadata daemon.
[   14.926583] iscsi: registered transport (tcp)
[[0;32m  OK  [0m] Started File System Check on Root Device.
         Starting Remount Root and Kernel File Systems...
[[0;32m  OK  [0m] Started udev Coldplug all Devices.
[[0;32m  OK  [0m] Started Create Static Device Nodes in /dev.
[   15.061838] EXT4-fs (sda1): re-mounted. Opts: (null)
[[0;32m  OK  [0m] Started Remount Root and Kernel File Systems.
         Starting Load/Save Random Seed...
         Starting udev Kernel Device Manager...
[[0;32m  OK  [0m] Started Monitoring of LVM2 mirrors,…sing dmeventd or progress polling.
[[0;32m  OK  [0m] Started Journal Service.
         Starting Flush Journal to Persistent Storage...
[   15.171976] iscsi: registered transport (iser)
[[0;32m  OK  [0m] Started Load Kernel Modules.
[[0;32m  OK  [0m] Started Load/Save Random Seed.
         Mounting Kernel Configuration File System...
         Starting Apply Kernel Variables...
         Mounting FUSE Control File System...
[[0;32m  OK  [0m] Mounted FUSE Control File System.
[[0;32m  OK  [0m] Mounted Kernel Configuration File System.
[   15.262136] systemd-journald[413]: Received request to flush runtime journal from PID 1
[[0;32m  OK  [0m] Started udev Kernel Device Manager.
[[0;32m  OK  [0m] Started Apply Kernel Variables.
[[0;32m  OK  [0m] Started Flush Journal to Persistent Storage.
[[0;32m  OK  [0m] Started Set the console keyboard layout.
[[0;32m  OK  [0m] Reached target Local File Systems (Pre).
[[0;32m  OK  [0m] Reached target Local File Systems.
         Starting AppArmor initialization...
         Starting ebtables ruleset management...
         Starting Create Volatile Files and Directories...
         Starting Set console font and keymap...
         Starting Tell Plymouth To Write Out Runtime Data...
[[0;32m  OK  [0m] Started Dispatch Password Requests to Console Directory Watch.
[[0;32m  OK  [0m] Reached target Local Encrypted Volumes.
[[0;32m  OK  [0m] Started Set console font and keymap.
[[0;32m  OK  [0m] Started Tell Plymouth To Write Out Runtime Data.
[[0;32m  OK  [0m] Started Create Volatile Files and Directories.
         Starting Update UTMP about System Boot/Shutdown...
[[0;32m  OK  [0m] Started Update UTMP about System Boot/Shutdown.
[[0;32m  OK  [0m] Started ebtables ruleset management.
[[0;32m  OK  [0m] Started AppArmor initialization.
         Starting Initial cloud-init job (pre-networking)...
         Starting Load AppArmor profiles managed internally by snapd...
         Mounting Arbitrary Executable File Formats File System...
[[0;32m  OK  [0m] Mounted Arbitrary Executable File Formats File System.
[[0;32m  OK  [0m] Started Load AppArmor profiles managed internally by snapd.
[[0;32m  OK  [0m] Found device /dev/ttyS0.
[[0;32m  OK  [0m] Listening on Load/Save RF Kill Switch Status /dev/rfkill Watch.
[   19.530748] cloud-init[521]: Cloud-init v. 22.4.2-0ubuntu0~18.04.1 running 'init-local' at Sun, 29 Jan 2023 11:37:06 +0000. Up 18.99 seconds.
[[0;32m  OK  [0m] Started Initial cloud-init job (pre-networking).
[[0;32m  OK  [0m] Reached target Network (Pre).
         Starting Network Service...
[[0;32m  OK  [0m] Started Network Service.
         Starting Network Name Resolution...
         Starting Wait for Network to be Configured...
[[0;32m  OK  [0m] Started Network Name Resolution.
[[0;32m  OK  [0m] Reached target Host and Network Name Lookups.
[[0;32m  OK  [0m] Reached target Network.
[[0;32m  OK  [0m] Started Wait for Network to be Configured.
         Starting Initial cloud-init job (metadata service crawler)...
[   22.867698] cloud-init[670]: Cloud-init v. 22.4.2-0ubuntu0~18.04.1 running 'init' at Sun, 29 Jan 2023 11:37:09 +0000. Up 22.38 seconds.
[   22.872179] cloud-init[670]: ci-info: +++++++++++++++++++++++++++++++++++++Net device info++++++++++++++++++++++++++++++++++++++
[   22.875811] cloud-init[670]: ci-info: +--------+------+---------------------------+---------------+--------+-------------------+
[   22.879404] cloud-init[670]: ci-info: | Device |  Up  |          Address          |      Mask     | Scope  |     Hw-Address    |
[   22.882424] cloud-init[670]: ci-info: +--------+------+---------------------------+---------------+--------+-------------------+
[   22.885374] cloud-init[670]: ci-info: | enp0s3 | True |         10.0.2.15         | 255.255.255.0 | global | 02:0c:5d:76:46:7f |
[   22.888820] cloud-init[670]: ci-info: | enp0s3 | True | fe80::c:5dff:fe76:467f/64 |       .       |  link  | 02:0c:5d:76:46:7f |
[   22.892432] cloud-init[670]: ci-info: |   lo   | True |         127.0.0.1         |   255.0.0.0   |  host  |         .         |
[   22.895133] cloud-init[670]: ci-info: |   lo   | True |          ::1/128          |       .       |  host  |         .         |
[   22.897797] cloud-init[670]: ci-info: +--------+------+---------------------------+---------------+--------+-------------------+
[   22.901367] cloud-init[670]: ci-info: ++++++++++++++++++++++++++++Route IPv4 info+++++++++++++++++++++++++++++
[   22.903789] cloud-init[670]: ci-info: +-------+-------------+----------+-----------------+-----------+-------+
[   22.906856] cloud-init[670]: ci-info: | Route | Destination | Gateway  |     Genmask     | Interface | Flags |
[   22.909364] cloud-init[670]: ci-info: +-------+-------------+----------+-----------------+-----------+-------+
[   22.911887] cloud-init[670]: ci-info: |   0   |   0.0.0.0   | 10.0.2.2 |     0.0.0.0     |   enp0s3  |   UG  |
[   22.920249] cloud-init[670]: ci-info: |   1   |   10.0.2.0  | 0.0.0.0  |  255.255.255.0  |   enp0s3  |   U   |
[   22.936362] cloud-init[670]: ci-info: |   2   |   10.0.2.2  | 0.0.0.0  | 255.255.255.255 |   enp0s3  |   UH  |
[   22.948293] cloud-init[670]: ci-info: +-------+-------------+----------+-----------------+-----------+-------+
[   22.952575] cloud-init[670]: ci-info: +++++++++++++++++++Route IPv6 info+++++++++++++++++++
[   22.955819] cloud-init[670]: ci-info: +-------+-------------+---------+-----------+-------+
[   22.959288] cloud-init[670]: ci-info: | Route | Destination | Gateway | Interface | Flags |
[   22.962325] cloud-init[670]: ci-info: +-------+-------------+---------+-----------+-------+
[   22.965230] cloud-init[670]: ci-info: |   1   |  fe80::/64  |    ::   |   enp0s3  |   U   |
[   22.968792] cloud-init[670]: ci-info: |   3   |    local    |    ::   |   enp0s3  |   U   |
[   22.973576] cloud-init[670]: ci-info: |   4   |   ff00::/8  |    ::   |   enp0s3  |   U   |
[   22.977529] cloud-init[670]: ci-info: +-------+-------------+---------+-----------+-------+
[[0;32m  OK  [0m] Started Initial cloud-init job (metadata service crawler).
[[0;32m  OK  [0m] Reached target Cloud-config availability.
[[0;32m  OK  [0m] Reached target Network is Online.
         Starting Availability of block devices...
[[0;32m  OK  [0m] Reached target Remote File Systems (Pre).
         Mounting /vagrant...
[[0;32m  OK  [0m] Reached target System Initialization.
         Starting Socket activation for snappy daemon.
[[0;32m  OK  [0m] Listening on ACPID Listen Socket.
[[0;32m  OK  [0m] Listening on Open-iSCSI iscsid Socket.
[[0;32m  OK  [0m] Started ACPI Events Check.
[[0;32m  OK  [0m] Reached target Paths.
[[0;32m  OK  [0m] Started Ubuntu Advantage Timer for running repeated jobs.
[[0;32m  OK  [0m] Started Discard unused blocks once a week.
         Starting LXD - unix socket.
[[0;32m  OK  [0m] Listening on cloud-init hotplug hook socket.
[[0;32m  OK  [0m] Started Message of the Day.
[[0;32m  OK  [0m] Listening on UUID daemon activation socket.
[[0;32m  OK  [0m] Listening on D-Bus System Message Bus Socket.
[[0;32m  OK  [0m] Started Daily Cleanup of Temporary Directories.
[[0;32m  OK  [0m] Started Daily apt upgrade and clean activities.
[[0;32m  OK  [0m] Reached target Timers.
[[0;32m  OK  [0m] Started Availability of block devices.
[[0;32m  OK  [0m] Mounted /vagrant.
[[0;32m  OK  [0m] Listening on Socket activation for snappy daemon.
[[0;32m  OK  [0m] Listening on LXD - unix socket.
[[0;32m  OK  [0m] Reached target Sockets.
[[0;32m  OK  [0m] Reached target Basic System.
         Starting Accounts Service...
[[0;32m  OK  [0m] Started Deferred execution scheduler.
         Starting Dispatcher daemon for systemd-networkd...
         Starting Login Service...
         Starting System Logging Service...
         Starting LXD - container startup/shutdown...
         Starting Virtualbox guest utils...
[[0;32m  OK  [0m] Started D-Bus System Message Bus.
[[0;32m  OK  [0m] Started Login Service.
[[0;32m  OK  [0m] Reached target Login Prompts (Pre).
         Starting Snap Daemon...
[[0;32m  OK  [0m] Started Unattended Upgrades Shutdown.
         Starting LSB: Record successful boot for GRUB...
         Starting OpenBSD Secure Shell server...
[[0;32m  OK  [0m] Started FUSE filesystem for LXC.
[[0;32m  OK  [0m] Started irqbalance daemon.
[[0;32m  OK  [0m] Started Regular background program processing daemon.
[[0;32m  OK  [0m] Reached target Remote File Systems.
         Starting LSB: automatic crash report generation...
         Starting Permit User Sessions...
[[0;32m  OK  [0m] Started System Logging Service.
[[0;32m  OK  [0m] Started OpenBSD Secure Shell server.
[[0;32m  OK  [0m] Started LXD - container startup/shutdown.
[[0;32m  OK  [0m] Started Permit User Sessions.
         Starting Terminate Plymouth Boot Screen...
         Starting Hold until boot process finishes up...
         Starting Authorization Manager...
[[0;32m  OK  [0m] Started Hold until boot process finishes up.
[[0;32m  OK  [0m] Started Serial Getty on ttyS0.
         Starting Set console scheme...
[[0;32m  OK  [0m] Started Terminate Plymouth Boot Screen.
[[0;32m  OK  [0m] Started Set console scheme.
[[0;32m  OK  [0m] Created slice system-getty.slice.
[[0;32m  OK  [0m] Started Getty on tty1.
[[0;32m  OK  [0m] Reached target Login Prompts.
[[0;32m  OK  [0m] Started LSB: Record successful boot for GRUB.
[[0;32m  OK  [0m] Started LSB: automatic crash report generation.
[[0;32m  OK  [0m] Started Authorization Manager.
[[0;32m  OK  [0m] Started Accounts Service.
[[0;32m  OK  [0m] Started Virtualbox guest utils.
[[0;32m  OK  [0m] Started Dispatcher daemon for systemd-networkd.
[[0;32m  OK  [0m] Started Snap Daemon.
         Starting Time & Date Service...
         Starting Wait until snapd is fully seeded...
[[0;32m  OK  [0m] Started Time & Date Service.
[[0;32m  OK  [0m] Started Wait until snapd is fully seeded.
         Starting Apply the settings specified in cloud-config...
[[0;32m  OK  [0m] Created slice User Slice of vagrant.
         Starting User Manager for UID 1000...
[[0;32m  OK  [0m] Started Session 1 of user vagrant.
[[0;32m  OK  [0m] Started User Manager for UID 1000.
[   27.822799] cloud-init[974]: Cloud-init v. 22.4.2-0ubuntu0~18.04.1 running 'modules:config' at Sun, 29 Jan 2023 11:37:14 +0000. Up 27.10 seconds.
[[0;32m  OK  [0m] Started Apply the settings specified in cloud-config.
[[0;32m  OK  [0m] Reached target Multi-User System.
         Starting Execute cloud user/final scripts...
[[0;32m  OK  [0m] Reached target Graphical Interface.
         Starting Update UTMP about System Runlevel Changes...
[[0;32m  OK  [0m] Started Update UTMP about System Runlevel Changes.
[   30.373901] cloud-init[1055]: Cloud-init v. 22.4.2-0ubuntu0~18.04.1 running 'modules:final' at Sun, 29 Jan 2023 11:37:17 +0000. Up 29.88 seconds.
[   30.374078] cloud-init[1055]: Cloud-init v. 22.4.2-0ubuntu0~18.04.1 finished at Sun, 29 Jan 2023 11:37:17 +0000. Datasource DataSourceNoCloud [seed=/dev/sdb][dsmode=net].  Up 30.35 seconds

Ubuntu 18.04.6 LTS ubuntu-bionic ttyS0

ubuntu-bionic login: 